<?xml version="1.0" encoding="UTF-8" ?>
<testsuite tests="2" failures="0" name="co.unicauca.restaurant.server.access.DishRepositoryImplArraysTest" time="0.006" errors="0" skipped="0">
  <properties>
[...]
</properties>
  <testcase classname="co.unicauca.restaurant.server.access.DishRepositoryImplArraysTest" name="co.unicauca.restaurant.server.access.DishRepositoryImplArraysTest.testFindDish" time="0.006"/>
  <testcase classname="co.unicauca.restaurant.server.access.DishRepositoryImplArraysTest" name="co.unicauca.restaurant.server.access.DishRepositoryImplArraysTest.testCreateDish" time="0"/>
</testsuite>